<?xml version="1.0" encoding="UTF-8"?>
<testng-results ignored="0" total="1" passed="1" failed="0" skipped="0">
  <reporter-output>
  </reporter-output>
  <suite started-at="2023-05-09T20:27:42 IST" name="Surefire suite" finished-at="2023-05-09T20:28:27 IST" duration-ms="44489">
    <groups>
    </groups>
    <test started-at="2023-05-09T20:27:42 IST" name="Surefire test" finished-at="2023-05-09T20:28:27 IST" duration-ms="44489">
      <class name="com.ab.testLayer.SearchFlightTest">
        <test-method is-config="true" signature="launchApplication()[pri:0, instance:com.ab.testLayer.SearchFlightTest@2fd6b6c7]" started-at="2023-05-09T20:27:42 IST" name="launchApplication" finished-at="2023-05-09T20:28:27 IST" duration-ms="44387" status="PASS">
          <reporter-output>
          </reporter-output>
        </test-method> <!-- launchApplication -->
        <test-method signature="test1()[pri:0, instance:com.ab.testLayer.SearchFlightTest@2fd6b6c7]" started-at="2023-05-09T20:28:27 IST" name="test1" finished-at="2023-05-09T20:28:27 IST" duration-ms="2" status="PASS">
          <reporter-output>
          </reporter-output>
        </test-method> <!-- test1 -->
      </class> <!-- com.ab.testLayer.SearchFlightTest -->
    </test> <!-- Surefire test -->
  </suite> <!-- Surefire suite -->
</testng-results>
